<?xml version="1.0" encoding="UTF-8"?>
<!-- Generated by org.testng.reporters.JUnitReportReporter -->
<testsuite hostname="Yexle-Y0149" failures="0" tests="2" name="Test.TestClass" time="32.842" errors="0" timestamp="2023-07-10T16:07:57 IST" skipped="0">
  <testcase classname="Test.TestClass" name="clickOnCase" time="16.701"/>
  <system-out/>
  <testcase classname="Test.TestClass" name="enterText" time="16.141"/>
  <system-out/>
</testsuite> <!-- Test.TestClass -->
