<?xml version="1.0" encoding="UTF-8"?>
<!-- Generated by org.testng.reporters.JUnitReportReporter -->
<testsuite hostname="Yexle-Y0149" failures="0" tests="1" name="TestClass" time="13.490" errors="0" timestamp="2023-07-10T13:49:54 IST" skipped="0">
  <testcase classname="TestClass" name="clickOnCase" time="13.490"/>
  <system-out/>
</testsuite> <!-- TestClass -->
